\BOOKMARK [1][-]{section.1}{\376\377\000I\000n\000l\000e\000d\000n\000i\000n\000g}{}% 1
\BOOKMARK [2][-]{subsection.1.1}{\376\377\000S\000y\000f\000t\000e}{section.1}% 2
\BOOKMARK [2][-]{subsection.1.2}{\376\377\000B\000a\000k\000g\000r\000u\000n\000d}{section.1}% 3
\BOOKMARK [2][-]{subsection.1.3}{\376\377\000F\000r\000\345\000g\000e\000s\000t\000\344\000l\000l\000n\000i\000n\000g}{section.1}% 4
\BOOKMARK [1][-]{section.2}{\376\377\000T\000e\000o\000r\000i}{}% 5
\BOOKMARK [2][-]{subsection.2.1}{\376\377\000E\000l\000e\000k\000t\000r\000o\000m\000a\000g\000n\000e\000t\000i\000s\000m}{section.2}% 6
\BOOKMARK [3][-]{subsubsection.2.1.1}{\376\377\000M\000a\000g\000n\000e\000t\000f\000\344\000l\000t}{subsection.2.1}% 7
\BOOKMARK [3][-]{subsubsection.2.1.2}{\376\377\000I\000n\000d\000u\000k\000t\000i\000o\000n}{subsection.2.1}% 8
\BOOKMARK [2][-]{subsection.2.2}{\376\377\000E\000l\000e\000k\000t\000r\000o\000n\000i\000k}{section.2}% 9
\BOOKMARK [3][-]{subsubsection.2.2.1}{\376\377\000S\000p\000o\000l\000a\000r}{subsection.2.2}% 10
\BOOKMARK [3][-]{subsubsection.2.2.2}{\376\377\000K\000o\000n\000d\000e\000n\000s\000a\000t\000o\000r\000e\000r}{subsection.2.2}% 11
\BOOKMARK [3][-]{subsubsection.2.2.3}{\376\377\000O\000p\000e\000r\000a\000t\000i\000o\000n\000s\000f\000\366\000r\000s\000t\000\344\000r\000k\000a\000r\000e}{subsection.2.2}% 12
\BOOKMARK [3][-]{subsubsection.2.2.4}{\376\377\000F\000i\000l\000t\000e\000r}{subsection.2.2}% 13
\BOOKMARK [3][-]{subsubsection.2.2.5}{\376\377\000O\000s\000c\000i\000l\000l\000a\000t\000o\000r\000e\000r}{subsection.2.2}% 14
\BOOKMARK [3][-]{subsubsection.2.2.6}{\376\377\000F\000l\000e\000x\000s\000e\000n\000s\000o\000r\000e\000r}{subsection.2.2}% 15
\BOOKMARK [3][-]{subsubsection.2.2.7}{\376\377\000A\000c\000c\000e\000l\000e\000r\000o\000m\000e\000t\000e\000r}{subsection.2.2}% 16
\BOOKMARK [3][-]{subsubsection.2.2.8}{\376\377\000M\000i\000k\000r\000o\000k\000o\000n\000t\000r\000o\000l\000l\000e\000r}{subsection.2.2}% 17
\BOOKMARK [2][-]{subsection.2.3}{\376\377\000B\000l\000u\000e\000t\000o\000o\000t\000h\000\040\000L\000o\000w\000\040\000E\000n\000e\000r\000g\000y}{section.2}% 18
\BOOKMARK [3][-]{subsubsection.2.3.1}{\376\377\000P\000e\000r\000i\000p\000h\000e\000r\000a\000l}{subsection.2.3}% 19
\BOOKMARK [3][-]{subsubsection.2.3.2}{\376\377\000C\000e\000n\000t\000r\000a\000l}{subsection.2.3}% 20
\BOOKMARK [2][-]{subsection.2.4}{\376\377\000R\000e\000n\000d\000e\000r\000i\000n\000g}{section.2}% 21
\BOOKMARK [3][-]{subsubsection.2.4.1}{\376\377\000U\000n\000i\000t\000y}{subsection.2.4}% 22
\BOOKMARK [1][-]{section.3}{\376\377\000M\000e\000t\000o\000d\000\040\000o\000c\000h\000\040\000m\000a\000t\000e\000r\000i\000a\000l}{}% 23
\BOOKMARK [2][-]{subsection.3.1}{\376\377\000K\000o\000n\000s\000t\000r\000u\000k\000t\000i\000o\000n}{section.3}% 24
\BOOKMARK [3][-]{subsubsection.3.1.1}{\376\377\0003\000D\000-\000h\000a\000n\000d}{subsection.3.1}% 25
\BOOKMARK [3][-]{subsubsection.3.1.2}{\376\377\000S\000p\000o\000l\000a\000r}{subsection.3.1}% 26
\BOOKMARK [3][-]{subsubsection.3.1.3}{\376\377\000M\000o\000n\000t\000e\000r\000i\000n\000g\000\040\000p\000\345\000\040\000h\000a\000n\000d}{subsection.3.1}% 27
\BOOKMARK [2][-]{subsection.3.2}{\376\377\000K\000r\000e\000t\000s\000a\000r}{section.3}% 28
\BOOKMARK [3][-]{subsubsection.3.2.1}{\376\377\000F\000i\000l\000t\000e\000r}{subsection.3.2}% 29
\BOOKMARK [3][-]{subsubsection.3.2.2}{\376\377\000O\000s\000c\000i\000l\000l\000a\000t\000o\000r}{subsection.3.2}% 30
\BOOKMARK [2][-]{subsection.3.3}{\376\377\000R\000e\000n\000d\000e\000r\000i\000n\000g}{section.3}% 31
\BOOKMARK [3][-]{subsubsection.3.3.1}{\376\377\000M\000i\000k\000r\000o\000k\000o\000n\000t\000r\000o\000l\000l\000e\000r}{subsection.3.3}% 32
\BOOKMARK [3][-]{subsubsection.3.3.2}{\376\377\000R\000e\000n\000d\000e\000r\000i\000n\000g\000s\000p\000r\000o\000g\000r\000a\000m}{subsection.3.3}% 33
\BOOKMARK [1][-]{section.4}{\376\377\000R\000e\000s\000u\000l\000t\000a\000t}{}% 34
\BOOKMARK [1][-]{section.5}{\376\377\000D\000i\000s\000k\000u\000s\000s\000i\000o\000n\000\040\000o\000c\000h\000\040\000S\000l\000u\000t\000s\000a\000t\000s}{}% 35
\BOOKMARK [2][-]{subsection.5.1}{\376\377\000D\000i\000s\000k\000u\000s\000s\000i\000o\000n}{section.5}% 36
\BOOKMARK [2][-]{subsection.5.2}{\376\377\000S\000l\000u\000t\000s\000a\000t\000s}{section.5}% 37
\BOOKMARK [1][-]{section.6}{\376\377\000A\000v\000s\000l\000u\000t\000n\000i\000n\000g}{}% 38
\BOOKMARK [1][-]{section.7}{\376\377\000K\000\344\000l\000l\000o\000r}{}% 39
\BOOKMARK [1][-]{section*.1}{\376\377\000B\000i\000l\000a\000g\000o\000r}{}% 40
\BOOKMARK [1][-]{appendix.a.A}{\376\377\000R\000e\000n\000d\000e\000r\000i\000n\000g\000s\000k\000o\000d}{}% 41
\BOOKMARK [1][-]{appendix.a.B}{\376\377\000O\000s\000c\000i\000l\000l\000a\000t\000o\000r\000k\000r\000e\000t\000s}{}% 42
\BOOKMARK [1][-]{appendix.a.C}{\376\377\000F\000i\000l\000t\000e\000r\000k\000r\000e\000t\000s}{}% 43
